# JRE version: Java(TM) SE Runtime Environment (19.0+36) (build 19+36-2238)
# Java VM: Java HotSpot(TM) 64-Bit Server VM (19+36-2238, mixed mode, sharing, tiered, compressed oops, compressed class ptrs, g1 gc, windows-amd64)
GC Precious Log:
 CardTable entry size: 512
 Card Set container configuration: InlinePtr #cards 5 size 8 Array Of Cards #cards 12 size 40 Howl #buckets 4 coarsen threshold 1843 Howl Bitmap #cards 512 size 80 coarsen threshold 460 Card regions per heap region 1 cards per card region 2048
 CPUs: 8 total, 8 available
 Memory: 16215M
 Large Page Support: Disabled
 NUMA Support: Disabled
 Compressed Oops: Enabled (32-bit)
 Heap Region Size: 1M
 Heap Min Capacity: 8M
 Heap Initial Capacity: 254M
 Heap Max Capacity: 2G
 Pre-touch: Disabled
 Parallel Workers: 8
 Concurrent Workers: 2
 Concurrent Refinement Workers: 8
 Periodic GC: Disabled
Heap:
 garbage-first heap   total 270336K, used 199652K [0x0000000080000000, 0x0000000100000000)
  region size 1024K, 55 young (56320K), 12 survivors (12288K)
 Metaspace       used 96561K, committed 99008K, reserved 552960K
  class space    used 13092K, committed 14336K, reserved 421888K
GC Heap History (20 events):
Event: 24.246 GC heap before
{Heap before GC invocations=24 (full 0):
 garbage-first heap   total 135168K, used 113824K [0x0000000080000000, 0x0000000100000000)
  region size 1024K, 40 young (40960K), 6 survivors (6144K)
 Metaspace       used 74879K, committed 76864K, reserved 552960K
  class space    used 10045K, committed 11072K, reserved 421888K
}
Event: 24.251 GC heap after
{Heap after GC invocations=25 (full 0):
 garbage-first heap   total 135168K, used 77087K [0x0000000080000000, 0x0000000100000000)
  region size 1024K, 4 young (4096K), 4 survivors (4096K)
 Metaspace       used 74879K, committed 76864K, reserved 552960K
  class space    used 10045K, committed 11072K, reserved 421888K
}
Event: 25.021 GC heap before
{Heap before GC invocations=25 (full 0):
 garbage-first heap   total 135168K, used 108831K [0x0000000080000000, 0x0000000100000000)
  region size 1024K, 35 young (35840K), 4 survivors (4096K)
 Metaspace       used 77806K, committed 79744K, reserved 552960K
  class space    used 10382K, committed 11392K, reserved 421888K
}
Event: 25.025 GC heap after
{Heap after GC invocations=26 (full 0):
 garbage-first heap   total 135168K, used 79143K [0x0000000080000000, 0x0000000100000000)
  region size 1024K, 2 young (2048K), 2 survivors (2048K)
 Metaspace       used 77806K, committed 79744K, reserved 552960K
  class space    used 10382K, committed 11392K, reserved 421888K
}
Event: 25.420 GC heap before
{Heap before GC invocations=26 (full 0):
 garbage-first heap   total 135168K, used 109863K [0x0000000080000000, 0x0000000100000000)
  region size 1024K, 32 young (32768K), 2 survivors (2048K)
 Metaspace       used 78579K, committed 80512K, reserved 552960K
  class space    used 10525K, committed 11520K, reserved 421888K
}
Event: 25.425 GC heap after
{Heap after GC invocations=27 (full 0):
 garbage-first heap   total 135168K, used 82139K [0x0000000080000000, 0x0000000100000000)
  region size 1024K, 4 young (4096K), 4 survivors (4096K)
 Metaspace       used 78579K, committed 80512K, reserved 552960K
  class space    used 10525K, committed 11520K, reserved 421888K
}
Event: 32.384 GC heap before
{Heap before GC invocations=27 (full 0):
 garbage-first heap   total 135168K, used 110811K [0x0000000080000000, 0x0000000100000000)
  region size 1024K, 32 young (32768K), 4 survivors (4096K)
 Metaspace       used 80118K, committed 82048K, reserved 552960K
  class space    used 10719K, committed 11712K, reserved 421888K
}
Event: 32.389 GC heap after
{Heap after GC invocations=28 (full 0):
 garbage-first heap   total 135168K, used 85260K [0x0000000080000000, 0x0000000100000000)
  region size 1024K, 3 young (3072K), 3 survivors (3072K)
 Metaspace       used 80118K, committed 82048K, reserved 552960K
  class space    used 10719K, committed 11712K, reserved 421888K
}
Event: 32.844 GC heap before
{Heap before GC invocations=28 (full 0):
 garbage-first heap   total 135168K, used 110860K [0x0000000080000000, 0x0000000100000000)
  region size 1024K, 28 young (28672K), 3 survivors (3072K)
 Metaspace       used 83308K, committed 85376K, reserved 552960K
  class space    used 11289K, committed 12352K, reserved 421888K
}
Event: 32.850 GC heap after
{Heap after GC invocations=29 (full 0):
 garbage-first heap   total 135168K, used 86600K [0x0000000080000000, 0x0000000100000000)
  region size 1024K, 2 young (2048K), 2 survivors (2048K)
 Metaspace       used 83308K, committed 85376K, reserved 552960K
  class space    used 11289K, committed 12352K, reserved 421888K
}
Event: 33.312 GC heap before
{Heap before GC invocations=29 (full 0):
 garbage-first heap   total 135168K, used 112200K [0x0000000080000000, 0x0000000100000000)
  region size 1024K, 27 young (27648K), 2 survivors (2048K)
 Metaspace       used 85714K, committed 87744K, reserved 552960K
  class space    used 11668K, committed 12736K, reserved 421888K
}
Event: 33.316 GC heap after
{Heap after GC invocations=30 (full 0):
 garbage-first heap   total 135168K, used 88847K [0x0000000080000000, 0x0000000100000000)
  region size 1024K, 4 young (4096K), 4 survivors (4096K)
 Metaspace       used 85714K, committed 87744K, reserved 552960K
  class space    used 11668K, committed 12736K, reserved 421888K
}
Event: 33.519 GC heap before
{Heap before GC invocations=30 (full 0):
 garbage-first heap   total 135168K, used 112399K [0x0000000080000000, 0x0000000100000000)
  region size 1024K, 27 young (27648K), 4 survivors (4096K)
 Metaspace       used 86657K, committed 88704K, reserved 552960K
  class space    used 11788K, committed 12864K, reserved 421888K
}
Event: 33.523 GC heap after
{Heap after GC invocations=31 (full 0):
 garbage-first heap   total 135168K, used 91280K [0x0000000080000000, 0x0000000100000000)
  region size 1024K, 3 young (3072K), 3 survivors (3072K)
 Metaspace       used 86657K, committed 88704K, reserved 552960K
  class space    used 11788K, committed 12864K, reserved 421888K
}
Event: 33.863 GC heap before
{Heap before GC invocations=31 (full 0):
 garbage-first heap   total 135168K, used 111760K [0x0000000080000000, 0x0000000100000000)
  region size 1024K, 24 young (24576K), 3 survivors (3072K)
 Metaspace       used 86971K, committed 89024K, reserved 552960K
  class space    used 11799K, committed 12864K, reserved 421888K
}
Event: 33.868 GC heap after
{Heap after GC invocations=32 (full 0):
 garbage-first heap   total 270336K, used 93104K [0x0000000080000000, 0x0000000100000000)
  region size 1024K, 2 young (2048K), 2 survivors (2048K)
 Metaspace       used 86971K, committed 89024K, reserved 552960K
  class space    used 11799K, committed 12864K, reserved 421888K
}
Event: 36.674 GC heap before
{Heap before GC invocations=32 (full 0):
 garbage-first heap   total 270336K, used 226224K [0x0000000080000000, 0x0000000100000000)
  region size 1024K, 119 young (121856K), 2 survivors (2048K)
 Metaspace       used 92344K, committed 94656K, reserved 552960K
  class space    used 12536K, committed 13696K, reserved 421888K
}
Event: 36.692 GC heap after
{Heap after GC invocations=33 (full 0):
 garbage-first heap   total 270336K, used 134123K [0x0000000080000000, 0x0000000100000000)
  region size 1024K, 15 young (15360K), 15 survivors (15360K)
 Metaspace       used 92344K, committed 94656K, reserved 552960K
  class space    used 12536K, committed 13696K, reserved 421888K
}
Event: 38.165 GC heap before
{Heap before GC invocations=33 (full 0):
 garbage-first heap   total 270336K, used 217067K [0x0000000080000000, 0x0000000100000000)
  region size 1024K, 92 young (94208K), 15 survivors (15360K)
 Metaspace       used 95293K, committed 97664K, reserved 552960K
  class space    used 12898K, committed 14080K, reserved 421888K
}
Event: 38.178 GC heap after
{Heap after GC invocations=34 (full 0):
 garbage-first heap   total 270336K, used 154596K [0x0000000080000000, 0x0000000100000000)
  region size 1024K, 12 young (12288K), 12 survivors (12288K)
 Metaspace       used 95293K, committed 97664K, reserved 552960K
  class space    used 12898K, committed 14080K, reserved 421888K
}

