# JRE version: Java(TM) SE Runtime Environment (19.0+36) (build 19+36-2238)
# Java VM: Java HotSpot(TM) 64-Bit Server VM (19+36-2238, mixed mode, sharing, tiered, compressed oops, compressed class ptrs, g1 gc, windows-amd64)
GC Precious Log:
 CardTable entry size: 512
 Card Set container configuration: InlinePtr #cards 5 size 8 Array Of Cards #cards 12 size 40 Howl #buckets 4 coarsen threshold 1843 Howl Bitmap #cards 512 size 80 coarsen threshold 460 Card regions per heap region 1 cards per card region 2048
 CPUs: 8 total, 8 available
 Memory: 16215M
 Large Page Support: Disabled
 NUMA Support: Disabled
 Compressed Oops: Enabled (32-bit)
 Heap Region Size: 1M
 Heap Min Capacity: 8M
 Heap Initial Capacity: 254M
 Heap Max Capacity: 2G
 Pre-touch: Disabled
 Parallel Workers: 8
 Concurrent Workers: 2
 Concurrent Refinement Workers: 8
 Periodic GC: Disabled
Heap:
 garbage-first heap   total 172032K, used 70695K [0x0000000080000000, 0x0000000100000000)
  region size 1024K, 11 young (11264K), 8 survivors (8192K)
 Metaspace       used 69720K, committed 71616K, reserved 487424K
  class space    used 9478K, committed 10496K, reserved 421888K
GC Heap History (20 events):
Event: 15.488 GC heap before
{Heap before GC invocations=11 (full 0):
 garbage-first heap   total 86016K, used 64320K [0x0000000080000000, 0x0000000100000000)
  region size 1024K, 30 young (30720K), 1 survivors (1024K)
 Metaspace       used 41365K, committed 42816K, reserved 487424K
  class space    used 5703K, committed 6464K, reserved 421888K
}
Event: 15.490 GC heap after
{Heap after GC invocations=12 (full 0):
 garbage-first heap   total 86016K, used 36698K [0x0000000080000000, 0x0000000100000000)
  region size 1024K, 3 young (3072K), 3 survivors (3072K)
 Metaspace       used 41365K, committed 42816K, reserved 487424K
  class space    used 5703K, committed 6464K, reserved 421888K
}
Event: 16.421 GC heap before
{Heap before GC invocations=12 (full 0):
 garbage-first heap   total 86016K, used 64346K [0x0000000080000000, 0x0000000100000000)
  region size 1024K, 31 young (31744K), 3 survivors (3072K)
 Metaspace       used 45159K, committed 46656K, reserved 487424K
  class space    used 6237K, committed 6976K, reserved 421888K
}
Event: 16.424 GC heap after
{Heap after GC invocations=13 (full 0):
 garbage-first heap   total 86016K, used 38390K [0x0000000080000000, 0x0000000100000000)
  region size 1024K, 2 young (2048K), 2 survivors (2048K)
 Metaspace       used 45159K, committed 46656K, reserved 487424K
  class space    used 6237K, committed 6976K, reserved 421888K
}
Event: 16.594 GC heap before
{Heap before GC invocations=13 (full 0):
 garbage-first heap   total 86016K, used 46582K [0x0000000080000000, 0x0000000100000000)
  region size 1024K, 10 young (10240K), 2 survivors (2048K)
 Metaspace       used 45410K, committed 46976K, reserved 487424K
  class space    used 6264K, committed 7040K, reserved 421888K
}
Event: 16.598 GC heap after
{Heap after GC invocations=14 (full 0):
 garbage-first heap   total 86016K, used 41735K [0x0000000080000000, 0x0000000100000000)
  region size 1024K, 3 young (3072K), 3 survivors (3072K)
 Metaspace       used 45410K, committed 46976K, reserved 487424K
  class space    used 6264K, committed 7040K, reserved 421888K
}
Event: 17.239 GC heap before
{Heap before GC invocations=15 (full 0):
 garbage-first heap   total 86016K, used 71431K [0x0000000080000000, 0x0000000100000000)
  region size 1024K, 28 young (28672K), 3 survivors (3072K)
 Metaspace       used 49436K, committed 51072K, reserved 487424K
  class space    used 6776K, committed 7616K, reserved 421888K
}
Event: 17.242 GC heap after
{Heap after GC invocations=16 (full 0):
 garbage-first heap   total 86016K, used 48445K [0x0000000080000000, 0x0000000100000000)
  region size 1024K, 4 young (4096K), 4 survivors (4096K)
 Metaspace       used 49436K, committed 51072K, reserved 487424K
  class space    used 6776K, committed 7616K, reserved 421888K
}
Event: 17.265 GC heap before
{Heap before GC invocations=16 (full 0):
 garbage-first heap   total 86016K, used 49469K [0x0000000080000000, 0x0000000100000000)
  region size 1024K, 5 young (5120K), 4 survivors (4096K)
 Metaspace       used 49605K, committed 51200K, reserved 487424K
  class space    used 6811K, committed 7616K, reserved 421888K
}
Event: 17.268 GC heap after
{Heap after GC invocations=17 (full 0):
 garbage-first heap   total 86016K, used 48925K [0x0000000080000000, 0x0000000100000000)
  region size 1024K, 1 young (1024K), 1 survivors (1024K)
 Metaspace       used 49605K, committed 51200K, reserved 487424K
  class space    used 6811K, committed 7616K, reserved 421888K
}
Event: 17.687 GC heap before
{Heap before GC invocations=17 (full 0):
 garbage-first heap   total 86016K, used 68381K [0x0000000080000000, 0x0000000100000000)
  region size 1024K, 20 young (20480K), 1 survivors (1024K)
 Metaspace       used 51773K, committed 53568K, reserved 487424K
  class space    used 7168K, committed 8064K, reserved 421888K
}
Event: 17.689 GC heap after
{Heap after GC invocations=18 (full 0):
 garbage-first heap   total 172032K, used 49386K [0x0000000080000000, 0x0000000100000000)
  region size 1024K, 2 young (2048K), 2 survivors (2048K)
 Metaspace       used 51773K, committed 53568K, reserved 487424K
  class space    used 7168K, committed 8064K, reserved 421888K
}
Event: 18.869 GC heap before
{Heap before GC invocations=19 (full 0):
 garbage-first heap   total 172032K, used 111850K [0x0000000080000000, 0x0000000100000000)
  region size 1024K, 64 young (65536K), 2 survivors (2048K)
 Metaspace       used 58901K, committed 60736K, reserved 487424K
  class space    used 8055K, committed 9024K, reserved 421888K
}
Event: 18.874 GC heap after
{Heap after GC invocations=20 (full 0):
 garbage-first heap   total 172032K, used 53839K [0x0000000080000000, 0x0000000100000000)
  region size 1024K, 6 young (6144K), 6 survivors (6144K)
 Metaspace       used 58901K, committed 60736K, reserved 487424K
  class space    used 8055K, committed 9024K, reserved 421888K
}
Event: 18.938 GC heap before
{Heap before GC invocations=20 (full 0):
 garbage-first heap   total 172032K, used 55887K [0x0000000080000000, 0x0000000100000000)
  region size 1024K, 8 young (8192K), 6 survivors (6144K)
 Metaspace       used 59139K, committed 60928K, reserved 487424K
  class space    used 8091K, committed 9024K, reserved 421888K
}
Event: 18.942 GC heap after
{Heap after GC invocations=21 (full 0):
 garbage-first heap   total 172032K, used 54458K [0x0000000080000000, 0x0000000100000000)
  region size 1024K, 1 young (1024K), 1 survivors (1024K)
 Metaspace       used 59139K, committed 60928K, reserved 487424K
  class space    used 8091K, committed 9024K, reserved 421888K
}
Event: 20.331 GC heap before
{Heap before GC invocations=21 (full 0):
 garbage-first heap   total 172032K, used 118970K [0x0000000080000000, 0x0000000100000000)
  region size 1024K, 65 young (66560K), 1 survivors (1024K)
 Metaspace       used 64035K, committed 65920K, reserved 487424K
  class space    used 8843K, committed 9792K, reserved 421888K
}
Event: 20.337 GC heap after
{Heap after GC invocations=22 (full 0):
 garbage-first heap   total 172032K, used 59536K [0x0000000080000000, 0x0000000100000000)
  region size 1024K, 6 young (6144K), 6 survivors (6144K)
 Metaspace       used 64035K, committed 65920K, reserved 487424K
  class space    used 8843K, committed 9792K, reserved 421888K
}
Event: 21.395 GC heap before
{Heap before GC invocations=22 (full 0):
 garbage-first heap   total 172032K, used 125072K [0x0000000080000000, 0x0000000100000000)
  region size 1024K, 69 young (70656K), 6 survivors (6144K)
 Metaspace       used 69271K, committed 71168K, reserved 487424K
  class space    used 9430K, committed 10432K, reserved 421888K
}
Event: 21.411 GC heap after
{Heap after GC invocations=23 (full 0):
 garbage-first heap   total 172032K, used 68647K [0x0000000080000000, 0x0000000100000000)
  region size 1024K, 8 young (8192K), 8 survivors (8192K)
 Metaspace       used 69271K, committed 71168K, reserved 487424K
  class space    used 9430K, committed 10432K, reserved 421888K
}

